


ARM Macro Assembler    Page 1 


    1 00000000         ;/******************************************************
                       ************************
    2 00000000         ; * @file:   startup_nano1xx.s
    3 00000000         ; * @brief   CMSIS ARM Cortex-M0 Core Device Startup Fil
                       e
    4 00000000         ; * @version 1.0.1
    5 00000000         ; * @date    04, September, 2012
    6 00000000         ; *
    7 00000000         ; * Copyright (C) 2012 Nuvoton Technology Corp. All righ
                       ts reserved.
    8 00000000         ; ******************************************************
                       ***********************/
    9 00000000         
   10 00000000         
   11 00000000         ; <h> Stack Configuration
   12 00000000         ;   <o> Stack Size (in Bytes) <0x0-0xFFFFFFFF:8>
   13 00000000         ; </h>
   14 00000000         
   15 00000000 00000500 
                       Stack_Size
                               EQU              0x00000500
   16 00000000         
   17 00000000                 AREA             STACK, NOINIT, READWRITE, ALIGN
=3
   18 00000000         Stack_Mem
                               SPACE            Stack_Size
   19 00000500         __initial_sp
   20 00000500         
   21 00000500         
   22 00000500         ; <h> Heap Configuration
   23 00000500         ;   <o>  Heap Size (in Bytes) <0x0-0xFFFFFFFF:8>
   24 00000500         ; </h>
   25 00000500         
   26 00000500 00000500 
                       Heap_Size
                               EQU              0x00000500
   27 00000500         
   28 00000500                 AREA             HEAP, NOINIT, READWRITE, ALIGN=
3
   29 00000000         __heap_base
   30 00000000         Heap_Mem
                               SPACE            Heap_Size
   31 00000500         __heap_limit
   32 00000500         
   33 00000500         
   34 00000500                 PRESERVE8
   35 00000500                 THUMB
   36 00000500         
   37 00000500         
   38 00000500         ; Vector Table Mapped to Address 0 at Reset
   39 00000500         
   40 00000500                 AREA             RESET, DATA, READONLY
   41 00000000                 EXPORT           __Vectors
   42 00000000         
   43 00000000 00000000 
                       __Vectors
                               DCD              __initial_sp ; Top of Stack
   44 00000004 00000000        DCD              Reset_Handler ; Reset Handler
   45 00000008 00000000        DCD              NMI_Handler ; NMI Handler



ARM Macro Assembler    Page 2 


   46 0000000C 00000000        DCD              HardFault_Handler ; Hard Fault 
                                                            Handler
   47 00000010 00000000        DCD              0           ; Reserved
   48 00000014 00000000        DCD              0           ; Reserved
   49 00000018 00000000        DCD              0           ; Reserved
   50 0000001C 00000000        DCD              0           ; Reserved
   51 00000020 00000000        DCD              0           ; Reserved
   52 00000024 00000000        DCD              0           ; Reserved
   53 00000028 00000000        DCD              0           ; Reserved
   54 0000002C 00000000        DCD              SVC_Handler ; SVCall Handler
   55 00000030 00000000        DCD              0           ; Reserved
   56 00000034 00000000        DCD              0           ; Reserved
   57 00000038 00000000        DCD              PendSV_Handler ; PendSV Handler
                                                            
   58 0000003C 00000000        DCD              SysTick_Handler 
                                                            ; SysTick Handler
   59 00000040         
   60 00000040         ; External Interrupts
   61 00000040 00000000        DCD              BOD_IRQHandler ; Brownout low v
                                                            oltage detected int
                                                            errupt  
   62 00000044 00000000        DCD              WDT_IRQHandler ; Watch Dog Time
                                                            r interrupt  
   63 00000048 00000000        DCD              EINT0_IRQHandler ; External sig
                                                            nal interrupt from 
                                                            PB.14 pin
   64 0000004C 00000000        DCD              EINT1_IRQHandler ; External sig
                                                            nal interrupt from 
                                                            PB.15 pin
   65 00000050 00000000        DCD              GPABC_IRQHandler ; External int
                                                            errupt from PA[15:0
                                                            ]/PB[15:0]/PC[15:0]
                                                              
   66 00000054 00000000        DCD              GPDEF_IRQHandler ; External int
                                                            errupt from PD[15:0
                                                            ]/PE[15:0]/PF[7:0]
   67 00000058 00000000        DCD              PWM0_IRQHandler 
                                                            ; PWM 0 interrupt 
   68 0000005C 00000000        DCD              PWM1_IRQHandler 
                                                            ; PWM 1 interrupt  
                                                            
   69 00000060 00000000        DCD              TMR0_IRQHandler 
                                                            ; Timer 0 interrupt
                                                            
   70 00000064 00000000        DCD              TMR1_IRQHandler ; Timer 1 inter
                                                            rupt  
   71 00000068 00000000        DCD              TMR2_IRQHandler ; Timer 2 inter
                                                            rupt 
   72 0000006C 00000000        DCD              TMR3_IRQHandler ; Timer 3 inter
                                                            rupt 
   73 00000070 00000000        DCD              UART0_IRQHandler 
                                                            ; UART0 interrupt
   74 00000074 00000000        DCD              UART1_IRQHandler 
                                                            ; UART1 interrupt
   75 00000078 00000000        DCD              SPI0_IRQHandler 
                                                            ; SPI0 interrupt 
   76 0000007C 00000000        DCD              SPI1_IRQHandler 
                                                            ; SPI1 interrupt 
   77 00000080 00000000        DCD              SPI2_IRQHandler 



ARM Macro Assembler    Page 3 


                                                            ; SPI2 interrupt 
   78 00000084 00000000        DCD              HIRC_IRQHandler 
                                                            ; HIRC interrupt 
   79 00000088 00000000        DCD              I2C0_IRQHandler 
                                                            ; I2C0 interrupt 
   80 0000008C 00000000        DCD              I2C1_IRQHandler 
                                                            ; I2C1 interrupt 
   81 00000090 00000000        DCD              SC2_IRQHandler ; SC2 interrupt
   82 00000094 00000000        DCD              SC0_IRQHandler ; SC0 interrupt
   83 00000098 00000000        DCD              SC1_IRQHandler ; SC1 interrupt
   84 0000009C 00000000        DCD              USBD_IRQHandler ; USB FS Device
                                                             interrupt 
   85 000000A0 00000000        DCD              TK_IRQHandler ; Touch key inter
                                                            rupt  
   86 000000A4 00000000        DCD              LCD_IRQHandler ; LCD interrupt 
                                                            
   87 000000A8 00000000        DCD              PDMA_IRQHandler 
                                                            ; PDMA interrupt
   88 000000AC 00000000        DCD              I2S_IRQHandler ; I2S interrupt 
                                                            
   89 000000B0 00000000        DCD              PDWU_IRQHandler ; Power Down Wa
                                                            ke up interrupt
   90 000000B4 00000000        DCD              ADC_IRQHandler ; ADC interrupt
   91 000000B8 00000000        DCD              DAC_IRQHandler ; DAC interrupt
   92 000000BC 00000000        DCD              RTC_IRQHandler ; Real time cloc
                                                            k interrupt
   93 000000C0                 AREA             |.text|, CODE, READONLY
   94 00000000         
   95 00000000         
   96 00000000         ; Reset Handler
   97 00000000         
   98 00000000         Reset_Handler
                               PROC
   99 00000000                 EXPORT           Reset_Handler             [WEAK
]
  100 00000000                 IMPORT           SystemInit
  101 00000000                 IMPORT           __main
  102 00000000         ; Unlock Register
  103 00000000 480A            LDR              R0, =0x50000100
  104 00000002 490B            LDR              R1, =0x59
  105 00000004 6001            STR              R1, [R0]
  106 00000006 490B            LDR              R1, =0x16
  107 00000008 6001            STR              R1, [R0]
  108 0000000A 490B            LDR              R1, =0x88
  109 0000000C 6001            STR              R1, [R0]
  110 0000000E         
  111 0000000E         ; Init POR
  112 0000000E 4A0B            LDR              R2, =0x50000060
  113 00000010 490B            LDR              R1, =0x00005AA5
  114 00000012 6011            STR              R1, [R2]
  115 00000014         
  116 00000014         ; Lock register
  117 00000014 2100            MOVS             R1, #0
  118 00000016 6001            STR              R1, [R0]
  119 00000018         
  120 00000018 480A            LDR              R0, =SystemInit
  121 0000001A 4780            BLX              R0
  122 0000001C 480A            LDR              R0, =__main
  123 0000001E 4700            BX               R0



ARM Macro Assembler    Page 4 


  124 00000020                 ENDP
  125 00000020         
  126 00000020         
  127 00000020         ; Dummy Exception Handlers (infinite loops which can be 
                       modified)                
  128 00000020         
  129 00000020         NMI_Handler
                               PROC
  130 00000020                 EXPORT           NMI_Handler               [WEAK
]
  131 00000020 E7FE            B                .
  132 00000022                 ENDP
  134 00000022         HardFault_Handler
                               PROC
  135 00000022                 EXPORT           HardFault_Handler         [WEAK
]
  136 00000022                 IF               :DEF:DEBUG_ENABLE_SEMIHOST
  156                          ENDIF
  157 00000022         
  158 00000022 E7FE            B                .
  159 00000024                 ENDP
  160 00000024         SVC_Handler
                               PROC
  161 00000024                 EXPORT           SVC_Handler               [WEAK
]
  162 00000024 E7FE            B                .
  163 00000026                 ENDP
  164 00000026         PendSV_Handler
                               PROC
  165 00000026                 EXPORT           PendSV_Handler            [WEAK
]
  166 00000026 E7FE            B                .
  167 00000028                 ENDP
  168 00000028         SysTick_Handler
                               PROC
  169 00000028                 EXPORT           SysTick_Handler           [WEAK
]
  170 00000028 E7FE            B                .
  171 0000002A                 ENDP
  172 0000002A         
  173 0000002A         Default_Handler
                               PROC
  174 0000002A         
  175 0000002A                 EXPORT           BOD_IRQHandler            [WEAK
]
  176 0000002A                 EXPORT           WDT_IRQHandler            [WEAK
]
  177 0000002A                 EXPORT           EINT0_IRQHandler          [WEAK
]
  178 0000002A                 EXPORT           EINT1_IRQHandler          [WEAK
]
  179 0000002A                 EXPORT           GPABC_IRQHandler          [WEAK
]
  180 0000002A                 EXPORT           GPDEF_IRQHandler          [WEAK
]
  181 0000002A                 EXPORT           PWM0_IRQHandler           [WEAK
]
  182 0000002A                 EXPORT           PWM1_IRQHandler           [WEAK
]



ARM Macro Assembler    Page 5 


  183 0000002A                 EXPORT           TMR0_IRQHandler           [WEAK
]
  184 0000002A                 EXPORT           TMR1_IRQHandler           [WEAK
]
  185 0000002A                 EXPORT           TMR2_IRQHandler           [WEAK
]
  186 0000002A                 EXPORT           TMR3_IRQHandler           [WEAK
]
  187 0000002A                 EXPORT           UART0_IRQHandler          [WEAK
]
  188 0000002A                 EXPORT           UART1_IRQHandler          [WEAK
]
  189 0000002A                 EXPORT           SPI0_IRQHandler           [WEAK
]
  190 0000002A                 EXPORT           SPI1_IRQHandler           [WEAK
]
  191 0000002A                 EXPORT           SPI2_IRQHandler           [WEAK
]
  192 0000002A                 EXPORT           HIRC_IRQHandler           [WEAK
]
  193 0000002A                 EXPORT           I2C0_IRQHandler           [WEAK
]
  194 0000002A                 EXPORT           I2C1_IRQHandler           [WEAK
]
  195 0000002A                 EXPORT           SC2_IRQHandler            [WEAK
]
  196 0000002A                 EXPORT           SC0_IRQHandler            [WEAK
]
  197 0000002A                 EXPORT           SC1_IRQHandler            [WEAK
]
  198 0000002A                 EXPORT           USBD_IRQHandler           [WEAK
]
  199 0000002A                 EXPORT           TK_IRQHandler             [WEAK
]
  200 0000002A                 EXPORT           LCD_IRQHandler            [WEAK
]
  201 0000002A                 EXPORT           PDMA_IRQHandler           [WEAK
]
  202 0000002A                 EXPORT           I2S_IRQHandler            [WEAK
]
  203 0000002A                 EXPORT           PDWU_IRQHandler           [WEAK
]
  204 0000002A                 EXPORT           ADC_IRQHandler            [WEAK
]
  205 0000002A                 EXPORT           DAC_IRQHandler            [WEAK
]
  206 0000002A                 EXPORT           RTC_IRQHandler            [WEAK
]
  207 0000002A         
  208 0000002A         BOD_IRQHandler
  209 0000002A         WDT_IRQHandler
  210 0000002A         EINT0_IRQHandler
  211 0000002A         EINT1_IRQHandler
  212 0000002A         GPABC_IRQHandler
  213 0000002A         GPDEF_IRQHandler
  214 0000002A         PWM0_IRQHandler
  215 0000002A         PWM1_IRQHandler
  216 0000002A         TMR0_IRQHandler
  217 0000002A         TMR1_IRQHandler



ARM Macro Assembler    Page 6 


  218 0000002A         TMR2_IRQHandler
  219 0000002A         TMR3_IRQHandler
  220 0000002A         UART0_IRQHandler
  221 0000002A         UART1_IRQHandler
  222 0000002A         SPI0_IRQHandler
  223 0000002A         SPI1_IRQHandler
  224 0000002A         SPI2_IRQHandler
  225 0000002A         HIRC_IRQHandler
  226 0000002A         I2C0_IRQHandler
  227 0000002A         I2C1_IRQHandler
  228 0000002A         SC2_IRQHandler
  229 0000002A         SC0_IRQHandler
  230 0000002A         SC1_IRQHandler
  231 0000002A         USBD_IRQHandler
  232 0000002A         TK_IRQHandler
  233 0000002A         LCD_IRQHandler
  234 0000002A         PDMA_IRQHandler
  235 0000002A         I2S_IRQHandler
  236 0000002A         PDWU_IRQHandler
  237 0000002A         ADC_IRQHandler
  238 0000002A         DAC_IRQHandler
  239 0000002A         RTC_IRQHandler
  240 0000002A         
  241 0000002A E7FE            B                .
  242 0000002C         
  243 0000002C                 ENDP
  244 0000002C         
  245 0000002C         
  246 0000002C                 ALIGN
  247 0000002C         
  248 0000002C         
  249 0000002C         ; User Initial Stack & Heap
  250 0000002C         
  251 0000002C                 IF               :DEF:__MICROLIB
  252 0000002C         
  253 0000002C                 EXPORT           __initial_sp
  254 0000002C                 EXPORT           __heap_base
  255 0000002C                 EXPORT           __heap_limit
  256 0000002C         
  257 0000002C                 ELSE
  271                          ENDIF
  272 0000002C         
  273 0000002C                 IF               :DEF:DEBUG_ENABLE_SEMIHOST
  306                          ENDIF
  307 0000002C         
  308 0000002C         
  309 0000002C         
  310 0000002C                 END
              50000100 
              00000059 
              00000016 
              00000088 
              50000060 
              00005AA5 
              00000000 
              00000000 
Command Line: --16 --debug --xref --cpu=Cortex-M0 --apcs=interwork --depend=.\o
bj\startup_nano1xx.d -o.\obj\startup_nano1xx.o -ID:\Keil\ARM\RV31\INC -ID:\Keil
\ARM\CMSIS\Include --predefine="__MICROLIB SETA 1" --list=.\lst\startup_nano1xx



ARM Macro Assembler    Page 7 


.lst Libraries\startup_nano1xx.s



ARM Macro Assembler    Page 1 Alphabetic symbol ordering
Relocatable symbols

STACK 00000000

Symbol: STACK
   Definitions
      At line 17 in file Libraries\startup_nano1xx.s
   Uses
      None
Comment: STACK unused
Stack_Mem 00000000

Symbol: Stack_Mem
   Definitions
      At line 18 in file Libraries\startup_nano1xx.s
   Uses
      None
Comment: Stack_Mem unused
__initial_sp 00000500

Symbol: __initial_sp
   Definitions
      At line 19 in file Libraries\startup_nano1xx.s
   Uses
      At line 43 in file Libraries\startup_nano1xx.s
      At line 253 in file Libraries\startup_nano1xx.s

3 symbols



ARM Macro Assembler    Page 1 Alphabetic symbol ordering
Relocatable symbols

HEAP 00000000

Symbol: HEAP
   Definitions
      At line 28 in file Libraries\startup_nano1xx.s
   Uses
      None
Comment: HEAP unused
Heap_Mem 00000000

Symbol: Heap_Mem
   Definitions
      At line 30 in file Libraries\startup_nano1xx.s
   Uses
      None
Comment: Heap_Mem unused
__heap_base 00000000

Symbol: __heap_base
   Definitions
      At line 29 in file Libraries\startup_nano1xx.s
   Uses
      At line 254 in file Libraries\startup_nano1xx.s
Comment: __heap_base used once
__heap_limit 00000500

Symbol: __heap_limit
   Definitions
      At line 31 in file Libraries\startup_nano1xx.s
   Uses
      At line 255 in file Libraries\startup_nano1xx.s
Comment: __heap_limit used once
4 symbols



ARM Macro Assembler    Page 1 Alphabetic symbol ordering
Relocatable symbols

RESET 00000000

Symbol: RESET
   Definitions
      At line 40 in file Libraries\startup_nano1xx.s
   Uses
      None
Comment: RESET unused
__Vectors 00000000

Symbol: __Vectors
   Definitions
      At line 43 in file Libraries\startup_nano1xx.s
   Uses
      At line 41 in file Libraries\startup_nano1xx.s
Comment: __Vectors used once
2 symbols



ARM Macro Assembler    Page 1 Alphabetic symbol ordering
Relocatable symbols

.text 00000000

Symbol: .text
   Definitions
      At line 93 in file Libraries\startup_nano1xx.s
   Uses
      None
Comment: .text unused
ADC_IRQHandler 0000002A

Symbol: ADC_IRQHandler
   Definitions
      At line 237 in file Libraries\startup_nano1xx.s
   Uses
      At line 90 in file Libraries\startup_nano1xx.s
      At line 204 in file Libraries\startup_nano1xx.s

BOD_IRQHandler 0000002A

Symbol: BOD_IRQHandler
   Definitions
      At line 208 in file Libraries\startup_nano1xx.s
   Uses
      At line 61 in file Libraries\startup_nano1xx.s
      At line 175 in file Libraries\startup_nano1xx.s

DAC_IRQHandler 0000002A

Symbol: DAC_IRQHandler
   Definitions
      At line 238 in file Libraries\startup_nano1xx.s
   Uses
      At line 91 in file Libraries\startup_nano1xx.s
      At line 205 in file Libraries\startup_nano1xx.s

Default_Handler 0000002A

Symbol: Default_Handler
   Definitions
      At line 173 in file Libraries\startup_nano1xx.s
   Uses
      None
Comment: Default_Handler unused
EINT0_IRQHandler 0000002A

Symbol: EINT0_IRQHandler
   Definitions
      At line 210 in file Libraries\startup_nano1xx.s
   Uses
      At line 63 in file Libraries\startup_nano1xx.s
      At line 177 in file Libraries\startup_nano1xx.s

EINT1_IRQHandler 0000002A

Symbol: EINT1_IRQHandler
   Definitions
      At line 211 in file Libraries\startup_nano1xx.s
   Uses
      At line 64 in file Libraries\startup_nano1xx.s



ARM Macro Assembler    Page 2 Alphabetic symbol ordering
Relocatable symbols

      At line 178 in file Libraries\startup_nano1xx.s

GPABC_IRQHandler 0000002A

Symbol: GPABC_IRQHandler
   Definitions
      At line 212 in file Libraries\startup_nano1xx.s
   Uses
      At line 65 in file Libraries\startup_nano1xx.s
      At line 179 in file Libraries\startup_nano1xx.s

GPDEF_IRQHandler 0000002A

Symbol: GPDEF_IRQHandler
   Definitions
      At line 213 in file Libraries\startup_nano1xx.s
   Uses
      At line 66 in file Libraries\startup_nano1xx.s
      At line 180 in file Libraries\startup_nano1xx.s

HIRC_IRQHandler 0000002A

Symbol: HIRC_IRQHandler
   Definitions
      At line 225 in file Libraries\startup_nano1xx.s
   Uses
      At line 78 in file Libraries\startup_nano1xx.s
      At line 192 in file Libraries\startup_nano1xx.s

HardFault_Handler 00000022

Symbol: HardFault_Handler
   Definitions
      At line 134 in file Libraries\startup_nano1xx.s
   Uses
      At line 46 in file Libraries\startup_nano1xx.s
      At line 135 in file Libraries\startup_nano1xx.s

I2C0_IRQHandler 0000002A

Symbol: I2C0_IRQHandler
   Definitions
      At line 226 in file Libraries\startup_nano1xx.s
   Uses
      At line 79 in file Libraries\startup_nano1xx.s
      At line 193 in file Libraries\startup_nano1xx.s

I2C1_IRQHandler 0000002A

Symbol: I2C1_IRQHandler
   Definitions
      At line 227 in file Libraries\startup_nano1xx.s
   Uses
      At line 80 in file Libraries\startup_nano1xx.s
      At line 194 in file Libraries\startup_nano1xx.s

I2S_IRQHandler 0000002A

Symbol: I2S_IRQHandler



ARM Macro Assembler    Page 3 Alphabetic symbol ordering
Relocatable symbols

   Definitions
      At line 235 in file Libraries\startup_nano1xx.s
   Uses
      At line 88 in file Libraries\startup_nano1xx.s
      At line 202 in file Libraries\startup_nano1xx.s

LCD_IRQHandler 0000002A

Symbol: LCD_IRQHandler
   Definitions
      At line 233 in file Libraries\startup_nano1xx.s
   Uses
      At line 86 in file Libraries\startup_nano1xx.s
      At line 200 in file Libraries\startup_nano1xx.s

NMI_Handler 00000020

Symbol: NMI_Handler
   Definitions
      At line 129 in file Libraries\startup_nano1xx.s
   Uses
      At line 45 in file Libraries\startup_nano1xx.s
      At line 130 in file Libraries\startup_nano1xx.s

PDMA_IRQHandler 0000002A

Symbol: PDMA_IRQHandler
   Definitions
      At line 234 in file Libraries\startup_nano1xx.s
   Uses
      At line 87 in file Libraries\startup_nano1xx.s
      At line 201 in file Libraries\startup_nano1xx.s

PDWU_IRQHandler 0000002A

Symbol: PDWU_IRQHandler
   Definitions
      At line 236 in file Libraries\startup_nano1xx.s
   Uses
      At line 89 in file Libraries\startup_nano1xx.s
      At line 203 in file Libraries\startup_nano1xx.s

PWM0_IRQHandler 0000002A

Symbol: PWM0_IRQHandler
   Definitions
      At line 214 in file Libraries\startup_nano1xx.s
   Uses
      At line 67 in file Libraries\startup_nano1xx.s
      At line 181 in file Libraries\startup_nano1xx.s

PWM1_IRQHandler 0000002A

Symbol: PWM1_IRQHandler
   Definitions
      At line 215 in file Libraries\startup_nano1xx.s
   Uses
      At line 68 in file Libraries\startup_nano1xx.s
      At line 182 in file Libraries\startup_nano1xx.s



ARM Macro Assembler    Page 4 Alphabetic symbol ordering
Relocatable symbols


PendSV_Handler 00000026

Symbol: PendSV_Handler
   Definitions
      At line 164 in file Libraries\startup_nano1xx.s
   Uses
      At line 57 in file Libraries\startup_nano1xx.s
      At line 165 in file Libraries\startup_nano1xx.s

RTC_IRQHandler 0000002A

Symbol: RTC_IRQHandler
   Definitions
      At line 239 in file Libraries\startup_nano1xx.s
   Uses
      At line 92 in file Libraries\startup_nano1xx.s
      At line 206 in file Libraries\startup_nano1xx.s

Reset_Handler 00000000

Symbol: Reset_Handler
   Definitions
      At line 98 in file Libraries\startup_nano1xx.s
   Uses
      At line 44 in file Libraries\startup_nano1xx.s
      At line 99 in file Libraries\startup_nano1xx.s

SC0_IRQHandler 0000002A

Symbol: SC0_IRQHandler
   Definitions
      At line 229 in file Libraries\startup_nano1xx.s
   Uses
      At line 82 in file Libraries\startup_nano1xx.s
      At line 196 in file Libraries\startup_nano1xx.s

SC1_IRQHandler 0000002A

Symbol: SC1_IRQHandler
   Definitions
      At line 230 in file Libraries\startup_nano1xx.s
   Uses
      At line 83 in file Libraries\startup_nano1xx.s
      At line 197 in file Libraries\startup_nano1xx.s

SC2_IRQHandler 0000002A

Symbol: SC2_IRQHandler
   Definitions
      At line 228 in file Libraries\startup_nano1xx.s
   Uses
      At line 81 in file Libraries\startup_nano1xx.s
      At line 195 in file Libraries\startup_nano1xx.s

SPI0_IRQHandler 0000002A

Symbol: SPI0_IRQHandler
   Definitions



ARM Macro Assembler    Page 5 Alphabetic symbol ordering
Relocatable symbols

      At line 222 in file Libraries\startup_nano1xx.s
   Uses
      At line 75 in file Libraries\startup_nano1xx.s
      At line 189 in file Libraries\startup_nano1xx.s

SPI1_IRQHandler 0000002A

Symbol: SPI1_IRQHandler
   Definitions
      At line 223 in file Libraries\startup_nano1xx.s
   Uses
      At line 76 in file Libraries\startup_nano1xx.s
      At line 190 in file Libraries\startup_nano1xx.s

SPI2_IRQHandler 0000002A

Symbol: SPI2_IRQHandler
   Definitions
      At line 224 in file Libraries\startup_nano1xx.s
   Uses
      At line 77 in file Libraries\startup_nano1xx.s
      At line 191 in file Libraries\startup_nano1xx.s

SVC_Handler 00000024

Symbol: SVC_Handler
   Definitions
      At line 160 in file Libraries\startup_nano1xx.s
   Uses
      At line 54 in file Libraries\startup_nano1xx.s
      At line 161 in file Libraries\startup_nano1xx.s

SysTick_Handler 00000028

Symbol: SysTick_Handler
   Definitions
      At line 168 in file Libraries\startup_nano1xx.s
   Uses
      At line 58 in file Libraries\startup_nano1xx.s
      At line 169 in file Libraries\startup_nano1xx.s

TK_IRQHandler 0000002A

Symbol: TK_IRQHandler
   Definitions
      At line 232 in file Libraries\startup_nano1xx.s
   Uses
      At line 85 in file Libraries\startup_nano1xx.s
      At line 199 in file Libraries\startup_nano1xx.s

TMR0_IRQHandler 0000002A

Symbol: TMR0_IRQHandler
   Definitions
      At line 216 in file Libraries\startup_nano1xx.s
   Uses
      At line 69 in file Libraries\startup_nano1xx.s
      At line 183 in file Libraries\startup_nano1xx.s




ARM Macro Assembler    Page 6 Alphabetic symbol ordering
Relocatable symbols

TMR1_IRQHandler 0000002A

Symbol: TMR1_IRQHandler
   Definitions
      At line 217 in file Libraries\startup_nano1xx.s
   Uses
      At line 70 in file Libraries\startup_nano1xx.s
      At line 184 in file Libraries\startup_nano1xx.s

TMR2_IRQHandler 0000002A

Symbol: TMR2_IRQHandler
   Definitions
      At line 218 in file Libraries\startup_nano1xx.s
   Uses
      At line 71 in file Libraries\startup_nano1xx.s
      At line 185 in file Libraries\startup_nano1xx.s

TMR3_IRQHandler 0000002A

Symbol: TMR3_IRQHandler
   Definitions
      At line 219 in file Libraries\startup_nano1xx.s
   Uses
      At line 72 in file Libraries\startup_nano1xx.s
      At line 186 in file Libraries\startup_nano1xx.s

UART0_IRQHandler 0000002A

Symbol: UART0_IRQHandler
   Definitions
      At line 220 in file Libraries\startup_nano1xx.s
   Uses
      At line 73 in file Libraries\startup_nano1xx.s
      At line 187 in file Libraries\startup_nano1xx.s

UART1_IRQHandler 0000002A

Symbol: UART1_IRQHandler
   Definitions
      At line 221 in file Libraries\startup_nano1xx.s
   Uses
      At line 74 in file Libraries\startup_nano1xx.s
      At line 188 in file Libraries\startup_nano1xx.s

USBD_IRQHandler 0000002A

Symbol: USBD_IRQHandler
   Definitions
      At line 231 in file Libraries\startup_nano1xx.s
   Uses
      At line 84 in file Libraries\startup_nano1xx.s
      At line 198 in file Libraries\startup_nano1xx.s

WDT_IRQHandler 0000002A

Symbol: WDT_IRQHandler
   Definitions
      At line 209 in file Libraries\startup_nano1xx.s



ARM Macro Assembler    Page 7 Alphabetic symbol ordering
Relocatable symbols

   Uses
      At line 62 in file Libraries\startup_nano1xx.s
      At line 176 in file Libraries\startup_nano1xx.s

40 symbols



ARM Macro Assembler    Page 1 Alphabetic symbol ordering
Absolute symbols

Heap_Size 00000500

Symbol: Heap_Size
   Definitions
      At line 26 in file Libraries\startup_nano1xx.s
   Uses
      At line 30 in file Libraries\startup_nano1xx.s
Comment: Heap_Size used once
Stack_Size 00000500

Symbol: Stack_Size
   Definitions
      At line 15 in file Libraries\startup_nano1xx.s
   Uses
      At line 18 in file Libraries\startup_nano1xx.s
Comment: Stack_Size used once
2 symbols



ARM Macro Assembler    Page 1 Alphabetic symbol ordering
External symbols

SystemInit 00000000

Symbol: SystemInit
   Definitions
      At line 100 in file Libraries\startup_nano1xx.s
   Uses
      At line 120 in file Libraries\startup_nano1xx.s
Comment: SystemInit used once
__main 00000000

Symbol: __main
   Definitions
      At line 101 in file Libraries\startup_nano1xx.s
   Uses
      At line 122 in file Libraries\startup_nano1xx.s
Comment: __main used once
2 symbols
390 symbols in table
